<?xml version="1.0" encoding="UTF-8"?>
<testng-results skipped="0" failed="0" ignored="0" total="3" passed="3">
  <reporter-output>
  </reporter-output>
  <suite name="Default suite" duration-ms="14151" started-at="2022-02-02T18:30:56 IST" finished-at="2022-02-02T18:31:10 IST">
    <groups>
      <group name="cucumber">
        <method signature="AbstractTestNGCucumberTests.runScenario(io.cucumber.testng.PickleWrapper, io.cucumber.testng.FeatureWrapper)[pri:0, instance:cucumber.Option.CucumberRunnerClass@31f924f5]" name="runScenario" class="io.cucumber.testng.AbstractTestNGCucumberTests"/>
      </group> <!-- cucumber -->
    </groups>
    <test name="Default test" duration-ms="14151" started-at="2022-02-02T18:30:56 IST" finished-at="2022-02-02T18:31:10 IST">
      <class name="cucumber.Option.CucumberRunnerClass">
        <test-method status="PASS" signature="setUpClass(org.testng.ITestContext)[pri:0, instance:cucumber.Option.CucumberRunnerClass@31f924f5]" name="setUpClass" is-config="true" duration-ms="711" started-at="2022-02-02T18:30:56 IST" finished-at="2022-02-02T18:30:57 IST">
          <params>
            <param index="0">
              <value>
                <![CDATA[org.testng.TestRunner@95eb320]]>
              </value>
            </param>
          </params>
          <reporter-output>
          </reporter-output>
        </test-method> <!-- setUpClass -->
        <test-method status="PASS" signature="runScenario(io.cucumber.testng.PickleWrapper, io.cucumber.testng.FeatureWrapper)[pri:0, instance:cucumber.Option.CucumberRunnerClass@31f924f5]" name="runScenario" duration-ms="8134" started-at="2022-02-02T18:30:57 IST" description="Runs Cucumber Scenarios" data-provider="scenarios" finished-at="2022-02-02T18:31:05 IST">
          <params>
            <param index="0">
              <value>
                <![CDATA["Verify if Place is being Successfully added using AddPlaceAPI"]]>
              </value>
            </param>
            <param index="1">
              <value>
                <![CDATA["Optional[Validating Place API]"]]>
              </value>
            </param>
          </params>
          <reporter-output>
          </reporter-output>
        </test-method> <!-- runScenario -->
        <test-method status="PASS" signature="runScenario(io.cucumber.testng.PickleWrapper, io.cucumber.testng.FeatureWrapper)[pri:0, instance:cucumber.Option.CucumberRunnerClass@31f924f5]" name="runScenario" duration-ms="2658" started-at="2022-02-02T18:31:05 IST" description="Runs Cucumber Scenarios" data-provider="scenarios" finished-at="2022-02-02T18:31:08 IST">
          <params>
            <param index="0">
              <value>
                <![CDATA["Verify if Place is being Successfully added using AddPlaceAPI"]]>
              </value>
            </param>
            <param index="1">
              <value>
                <![CDATA["Optional[Validating Place API]"]]>
              </value>
            </param>
          </params>
          <reporter-output>
          </reporter-output>
        </test-method> <!-- runScenario -->
        <test-method status="PASS" signature="runScenario(io.cucumber.testng.PickleWrapper, io.cucumber.testng.FeatureWrapper)[pri:0, instance:cucumber.Option.CucumberRunnerClass@31f924f5]" name="runScenario" duration-ms="2541" started-at="2022-02-02T18:31:08 IST" description="Runs Cucumber Scenarios" data-provider="scenarios" finished-at="2022-02-02T18:31:10 IST">
          <params>
            <param index="0">
              <value>
                <![CDATA["Verify if Place is being Successfully added using AddPlaceAPI"]]>
              </value>
            </param>
            <param index="1">
              <value>
                <![CDATA["Optional[Validating Place API]"]]>
              </value>
            </param>
          </params>
          <reporter-output>
          </reporter-output>
        </test-method> <!-- runScenario -->
        <test-method status="PASS" signature="tearDownClass()[pri:0, instance:cucumber.Option.CucumberRunnerClass@31f924f5]" name="tearDownClass" is-config="true" duration-ms="23" started-at="2022-02-02T18:31:10 IST" finished-at="2022-02-02T18:31:10 IST">
          <reporter-output>
          </reporter-output>
        </test-method> <!-- tearDownClass -->
      </class> <!-- cucumber.Option.CucumberRunnerClass -->
    </test> <!-- Default test -->
  </suite> <!-- Default suite -->
</testng-results>
